Error seeding database: (psycopg2.errors.NotNullViolation) null value in column "question_id" of relation "listening_answers" violates not-null constraint
DETAIL:  Failing row contains (5, null, Answer, null, f, 2025-12-27 20:35:53.931092, 2025-12-27 20:35:53.931098).

[SQL: INSERT INTO listening_answers (question_id, correct_answer, case_sensitive, created_at, updated_at) SELECT p0::INTEGER, p1::VARCHAR, p2::BOOLEAN, p3::TIMESTAMP WITHOUT TIME ZONE, p4::TIMESTAMP WITHOUT TIME ZONE FROM (VALUES (%(question_id__0)s, %(cor ... 1090 characters truncated ...  p4, sen_counter) ORDER BY sen_counter RETURNING listening_answers.id, listening_answers.id AS id__1]
[parameters: {'case_sensitive__0': False, 'updated_at__0': datetime.datetime(2025, 12, 27, 20, 35, 53, 931098, tzinfo=datetime.timezone.utc), 'question_id__0': None, 'correct_answer__0': 'Answer', 'created_at__0': datetime.datetime(2025, 12, 27, 20, 35, 53, 931092, tzinfo=datetime.timezone.utc), 'case_sensitive__1': False, 'updated_at__1': datetime.datetime(2025, 12, 27, 20, 35, 53, 931102, tzinfo=datetime.timezone.utc), 'question_id__1': None, 'correct_answer__1': 'Answer', 'created_at__1': datetime.datetime(2025, 12, 27, 20, 35, 53, 931101, tzinfo=datetime.timezone.utc), 'case_sensitive__2': False, 'updated_at__2': datetime.datetime(2025, 12, 27, 20, 35, 53, 931104, tzinfo=datetime.timezone.utc), 'question_id__2': None, 'correct_answer__2': 'Answer', 'created_at__2': datetime.datetime(2025, 12, 27, 20, 35, 53, 931103, tzinfo=datetime.timezone.utc), 'case_sensitive__3': False, 'updated_at__3': datetime.datetime(2025, 12, 27, 20, 35, 53, 931107, tzinfo=datetime.timezone.utc), 'question_id__3': None, 'correct_answer__3': 'Answer', 'created_at__3': datetime.datetime(2025, 12, 27, 20, 35, 53, 931106, tzinfo=datetime.timezone.utc), 'case_sensitive__4': False, 'updated_at__4': datetime.datetime(2025, 12, 27, 20, 35, 53, 931110, tzinfo=datetime.timezone.utc), 'question_id__4': None, 'correct_answer__4': 'Answer', 'created_at__4': datetime.datetime(2025, 12, 27, 20, 35, 53, 931109, tzinfo=datetime.timezone.utc), 'case_sensitive__5': False, 'updated_at__5': datetime.datetime(2025, 12, 27, 20, 35, 53, 931112, tzinfo=datetime.timezone.utc), 'question_id__5': None, 'correct_answer__5': 'A', 'created_at__5': datetime.datetime(2025, 12, 27, 20, 35, 53, 931111, tzinfo=datetime.timezone.utc), 'case_sensitive__6': False, 'updated_at__6': datetime.datetime(2025, 12, 27, 20, 35, 53, 931115, tzinfo=datetime.timezone.utc), 'question_id__6': None, 'correct_answer__6': 'A', 'created_at__6': datetime.datetime(2025, 12, 27, 20, 35, 53, 931114, tzinfo=datetime.timezone.utc), 'case_sensitive__7': False, 'updated_at__7': datetime.datetime(2025, 12, 27, 20, 35, 53, 931119, tzinfo=datetime.timezone.utc), 'question_id__7': None, 'correct_answer__7': 'A', 'created_at__7': datetime.datetime(2025, 12, 27, 20, 35, 53, 931118, tzinfo=datetime.timezone.utc), 'case_sensitive__8': False, 'updated_at__8': datetime.datetime(2025, 12, 27, 20, 35, 53, 931122, tzinfo=datetime.timezone.utc), 'question_id__8': None, 'correct_answer__8': 'A', 'created_at__8': datetime.datetime(2025, 12, 27, 20, 35, 53, 931121, tzinfo=datetime.timezone.utc), 'case_sensitive__9': False, 'updated_at__9': datetime.datetime(2025, 12, 27, 20, 35, 53, 931125, tzinfo=datetime.timezone.utc), 'question_id__9': None, 'correct_answer__9': 'A', 'created_at__9': datetime.datetime(2025, 12, 27, 20, 35, 53, 931123, tzinfo=datetime.timezone.utc)}]
(Background on this error at: https://sqlalche.me/e/20/gkpj)
Traceback (most recent call last):
  File "/usr/local/lib/python3.11/site-packages/sqlalchemy/engine/base.py", line 2118, in _exec_insertmany_context
    dialect.do_execute(
  File "/usr/local/lib/python3.11/site-packages/sqlalchemy/engine/default.py", line 941, in do_execute
    cursor.execute(statement, parameters)
psycopg2.errors.NotNullViolation: null value in column "question_id" of relation "listening_answers" violates not-null constraint
DETAIL:  Failing row contains (5, null, Answer, null, f, 2025-12-27 20:35:53.931092, 2025-12-27 20:35:53.931098).


The above exception was the direct cause of the following exception:

Traceback (most recent call last):
  File "//app/scripts/seed_full_test.py", line 148, in seed_db
    db.commit()
  File "/usr/local/lib/python3.11/site-packages/sqlalchemy/orm/session.py", line 2028, in commit
    trans.commit(_to_root=True)
  File "<string>", line 2, in commit
  File "/usr/local/lib/python3.11/site-packages/sqlalchemy/orm/state_changes.py", line 139, in _go
    ret_value = fn(self, *arg, **kw)
                ^^^^^^^^^^^^^^^^^^^^
  File "/usr/local/lib/python3.11/site-packages/sqlalchemy/orm/session.py", line 1313, in commit
    self._prepare_impl()
  File "<string>", line 2, in _prepare_impl
  File "/usr/local/lib/python3.11/site-packages/sqlalchemy/orm/state_changes.py", line 139, in _go
    ret_value = fn(self, *arg, **kw)
                ^^^^^^^^^^^^^^^^^^^^
  File "/usr/local/lib/python3.11/site-packages/sqlalchemy/orm/session.py", line 1288, in _prepare_impl
    self.session.flush()
  File "/usr/local/lib/python3.11/site-packages/sqlalchemy/orm/session.py", line 4352, in flush
    self._flush(objects)
  File "/usr/local/lib/python3.11/site-packages/sqlalchemy/orm/session.py", line 4487, in _flush
    with util.safe_reraise():
  File "/usr/local/lib/python3.11/site-packages/sqlalchemy/util/langhelpers.py", line 146, in __exit__
    raise exc_value.with_traceback(exc_tb)
  File "/usr/local/lib/python3.11/site-packages/sqlalchemy/orm/session.py", line 4448, in _flush
    flush_context.execute()
  File "/usr/local/lib/python3.11/site-packages/sqlalchemy/orm/unitofwork.py", line 466, in execute
    rec.execute(self)
  File "/usr/local/lib/python3.11/site-packages/sqlalchemy/orm/unitofwork.py", line 642, in execute
    util.preloaded.orm_persistence.save_obj(
  File "/usr/local/lib/python3.11/site-packages/sqlalchemy/orm/persistence.py", line 93, in save_obj
    _emit_insert_statements(
  File "/usr/local/lib/python3.11/site-packages/sqlalchemy/orm/persistence.py", line 1143, in _emit_insert_statements
    result = connection.execute(
             ^^^^^^^^^^^^^^^^^^^
  File "/usr/local/lib/python3.11/site-packages/sqlalchemy/engine/base.py", line 1418, in execute
    return meth(
           ^^^^^
  File "/usr/local/lib/python3.11/site-packages/sqlalchemy/sql/elements.py", line 515, in _execute_on_connection
    return connection._execute_clauseelement(
           ^^^^^^^^^^^^^^^^^^^^^^^^^^^^^^^^^^
  File "/usr/local/lib/python3.11/site-packages/sqlalchemy/engine/base.py", line 1640, in _execute_clauseelement
    ret = self._execute_context(
          ^^^^^^^^^^^^^^^^^^^^^^
  File "/usr/local/lib/python3.11/site-packages/sqlalchemy/engine/base.py", line 1844, in _execute_context
    return self._exec_insertmany_context(dialect, context)
           ^^^^^^^^^^^^^^^^^^^^^^^^^^^^^^^^^^^^^^^^^^^^^^^
  File "/usr/local/lib/python3.11/site-packages/sqlalchemy/engine/base.py", line 2126, in _exec_insertmany_context
    self._handle_dbapi_exception(
  File "/usr/local/lib/python3.11/site-packages/sqlalchemy/engine/base.py", line 2355, in _handle_dbapi_exception
    raise sqlalchemy_exception.with_traceback(exc_info[2]) from e
  File "/usr/local/lib/python3.11/site-packages/sqlalchemy/engine/base.py", line 2118, in _exec_insertmany_context
    dialect.do_execute(
  File "/usr/local/lib/python3.11/site-packages/sqlalchemy/engine/default.py", line 941, in do_execute
    cursor.execute(statement, parameters)
sqlalchemy.exc.IntegrityError: (psycopg2.errors.NotNullViolation) null value in column "question_id" of relation "listening_answers" violates not-null constraint
DETAIL:  Failing row contains (5, null, Answer, null, f, 2025-12-27 20:35:53.931092, 2025-12-27 20:35:53.931098).

[SQL: INSERT INTO listening_answers (question_id, correct_answer, case_sensitive, created_at, updated_at) SELECT p0::INTEGER, p1::VARCHAR, p2::BOOLEAN, p3::TIMESTAMP WITHOUT TIME ZONE, p4::TIMESTAMP WITHOUT TIME ZONE FROM (VALUES (%(question_id__0)s, %(cor ... 1090 characters truncated ...  p4, sen_counter) ORDER BY sen_counter RETURNING listening_answers.id, listening_answers.id AS id__1]
[parameters: {'case_sensitive__0': False, 'updated_at__0': datetime.datetime(2025, 12, 27, 20, 35, 53, 931098, tzinfo=datetime.timezone.utc), 'question_id__0': None, 'correct_answer__0': 'Answer', 'created_at__0': datetime.datetime(2025, 12, 27, 20, 35, 53, 931092, tzinfo=datetime.timezone.utc), 'case_sensitive__1': False, 'updated_at__1': datetime.datetime(2025, 12, 27, 20, 35, 53, 931102, tzinfo=datetime.timezone.utc), 'question_id__1': None, 'correct_answer__1': 'Answer', 'created_at__1': datetime.datetime(2025, 12, 27, 20, 35, 53, 931101, tzinfo=datetime.timezone.utc), 'case_sensitive__2': False, 'updated_at__2': datetime.datetime(2025, 12, 27, 20, 35, 53, 931104, tzinfo=datetime.timezone.utc), 'question_id__2': None, 'correct_answer__2': 'Answer', 'created_at__2': datetime.datetime(2025, 12, 27, 20, 35, 53, 931103, tzinfo=datetime.timezone.utc), 'case_sensitive__3': False, 'updated_at__3': datetime.datetime(2025, 12, 27, 20, 35, 53, 931107, tzinfo=datetime.timezone.utc), 'question_id__3': None, 'correct_answer__3': 'Answer', 'created_at__3': datetime.datetime(2025, 12, 27, 20, 35, 53, 931106, tzinfo=datetime.timezone.utc), 'case_sensitive__4': False, 'updated_at__4': datetime.datetime(2025, 12, 27, 20, 35, 53, 931110, tzinfo=datetime.timezone.utc), 'question_id__4': None, 'correct_answer__4': 'Answer', 'created_at__4': datetime.datetime(2025, 12, 27, 20, 35, 53, 931109, tzinfo=datetime.timezone.utc), 'case_sensitive__5': False, 'updated_at__5': datetime.datetime(2025, 12, 27, 20, 35, 53, 931112, tzinfo=datetime.timezone.utc), 'question_id__5': None, 'correct_answer__5': 'A', 'created_at__5': datetime.datetime(2025, 12, 27, 20, 35, 53, 931111, tzinfo=datetime.timezone.utc), 'case_sensitive__6': False, 'updated_at__6': datetime.datetime(2025, 12, 27, 20, 35, 53, 931115, tzinfo=datetime.timezone.utc), 'question_id__6': None, 'correct_answer__6': 'A', 'created_at__6': datetime.datetime(2025, 12, 27, 20, 35, 53, 931114, tzinfo=datetime.timezone.utc), 'case_sensitive__7': False, 'updated_at__7': datetime.datetime(2025, 12, 27, 20, 35, 53, 931119, tzinfo=datetime.timezone.utc), 'question_id__7': None, 'correct_answer__7': 'A', 'created_at__7': datetime.datetime(2025, 12, 27, 20, 35, 53, 931118, tzinfo=datetime.timezone.utc), 'case_sensitive__8': False, 'updated_at__8': datetime.datetime(2025, 12, 27, 20, 35, 53, 931122, tzinfo=datetime.timezone.utc), 'question_id__8': None, 'correct_answer__8': 'A', 'created_at__8': datetime.datetime(2025, 12, 27, 20, 35, 53, 931121, tzinfo=datetime.timezone.utc), 'case_sensitive__9': False, 'updated_at__9': datetime.datetime(2025, 12, 27, 20, 35, 53, 931125, tzinfo=datetime.timezone.utc), 'question_id__9': None, 'correct_answer__9': 'A', 'created_at__9': datetime.datetime(2025, 12, 27, 20, 35, 53, 931123, tzinfo=datetime.timezone.utc)}]
(Background on this error at: https://sqlalche.me/e/20/gkpj)
